TN:
SF:index.js
FN:55,(anonymous_0)
FN:74,(anonymous_1)
FN:75,(anonymous_2)
FN:83,(anonymous_3)
FNF:4
FNH:0
FNDA:0,(anonymous_0)
FNDA:0,(anonymous_1)
FNDA:0,(anonymous_2)
FNDA:0,(anonymous_3)
DA:1,0
DA:2,0
DA:3,0
DA:4,0
DA:5,0
DA:6,0
DA:9,0
DA:11,0
DA:14,0
DA:27,0
DA:37,0
DA:40,0
DA:49,0
DA:52,0
DA:55,0
DA:57,0
DA:58,0
DA:59,0
DA:62,0
DA:66,0
DA:67,0
DA:70,0
DA:72,0
DA:74,0
DA:75,0
DA:77,0
DA:79,0
DA:81,0
DA:83,0
DA:84,0
LF:30
LH:0
BRDA:41,0,0,0
BRDA:41,0,1,0
BRDA:42,1,0,0
BRDA:42,1,1,0
BRDA:58,2,0,0
BRDA:58,2,1,0
BRDA:81,3,0,0
BRDA:81,3,1,0
BRF:8
BRH:0
end_of_record
TN:
SF:jest.config.js
FNF:0
FNH:0
DA:1,0
LF:1
LH:0
BRF:0
BRH:0
end_of_record
TN:
SF:models\todoModel.js
FNF:0
FNH:0
DA:1,1
DA:3,1
DA:14,1
DA:16,1
LF:4
LH:4
BRF:0
BRH:0
end_of_record
TN:
SF:routes\todoRoutes.js
FNF:0
FNH:0
DA:1,0
DA:3,0
DA:10,0
DA:12,0
DA:14,0
DA:16,0
DA:18,0
DA:20,0
LF:8
LH:0
BRF:0
BRH:0
end_of_record
TN:
SF:utils\logger.js
FNF:0
FNH:0
DA:1,0
DA:4,0
DA:21,0
DA:22,0
DA:30,0
LF:5
LH:0
BRDA:5,0,0,0
BRDA:5,0,1,0
BRDA:21,1,0,0
BRDA:21,1,1,0
BRF:4
BRH:0
end_of_record
